0 info it worked if it ends with ok
1 verbose cli [
1 verbose cli   'C:\\Program Files\\nodejs\\node.exe',
1 verbose cli   'C:\\Users\\grego\\AppData\\Roaming\\npm\\node_modules\\npm\\bin\\npm-cli.js',
1 verbose cli   'install',
1 verbose cli   '--save',
1 verbose cli   '.\\src\\mgGlitch.min.js'
1 verbose cli ]
2 info using npm@4.1.1
3 info using node@v12.16.1
4 silly loadCurrentTree Starting
5 silly install loadCurrentTree
6 silly install readLocalPackageData
7 silly fetchPackageMetaData .\src\mgGlitch.min.js
8 silly fetchOtherPackageData .\src\mgGlitch.min.js
9 silly cache add args [ '.\\src\\mgGlitch.min.js', null ]
10 verbose cache add spec .\src\mgGlitch.min.js
11 silly cache add parsed spec Result {
11 silly cache add   raw: '.\\src\\mgGlitch.min.js',
11 silly cache add   scope: null,
11 silly cache add   escapedName: null,
11 silly cache add   name: null,
11 silly cache add   rawSpec: '.\\src\\mgGlitch.min.js',
11 silly cache add   spec: 'C:\\Users\\grego\\GIT\\cmd\\src\\mgGlitch.min.js',
11 silly cache add   type: 'local'
11 silly cache add }
12 silly addLocalTarball shasum (computed) 9a7d9df9c5d87a1988afaa40b9bf816ff9435309
13 verbose addTmpTarball C:\Users\grego\GIT\cmd\src\mgGlitch.min.js not in flight; adding
14 verbose correctMkdir C:\Users\grego\AppData\Roaming\npm-cache correctMkdir not in flight; initializing
15 verbose addTmpTarball validating metadata from C:\Users\grego\GIT\cmd\src\mgGlitch.min.js
16 verbose tar unpack C:\Users\grego\GIT\cmd\src\mgGlitch.min.js
17 verbose tar unpacking to C:\Users\grego\AppData\Local\Temp\npm-11368-960689f7\unpack-cea42cd4
18 silly gentlyRm C:\Users\grego\AppData\Local\Temp\npm-11368-960689f7\unpack-cea42cd4 is being purged
19 verbose gentlyRm don't care about contents; nuking C:\Users\grego\AppData\Local\Temp\npm-11368-960689f7\unpack-cea42cd4
20 silly gunzTarPerm modes [ '777', '666' ]
21 error not a package C:\Users\grego\GIT\cmd\src\mgGlitch.min.js
22 error addLocal Could not install C:\Users\grego\GIT\cmd\src\mgGlitch.min.js
23 silly fetchPackageMetaData Error: ENOENT: no such file or directory, open 'C:\Users\grego\AppData\Local\Temp\npm-11368-960689f7\unpack-cea42cd4\package.json'
23 silly fetchPackageMetaData  error for .\src\mgGlitch.min.js [Error: ENOENT: no such file or directory, open 'C:\Users\grego\AppData\Local\Temp\npm-11368-960689f7\unpack-cea42cd4\package.json'] {
23 silly fetchPackageMetaData   errno: -4058,
23 silly fetchPackageMetaData   code: 'ENOENT',
23 silly fetchPackageMetaData   syscall: 'open',
23 silly fetchPackageMetaData   path: 'C:\\Users\\grego\\AppData\\Local\\Temp\\npm-11368-960689f7\\unpack-cea42cd4\\package.json'
23 silly fetchPackageMetaData }
24 silly rollbackFailedOptional Starting
25 silly rollbackFailedOptional Finishing
26 silly runTopLevelLifecycles Finishing
27 silly install printInstalled
28 verbose stack Error: ENOENT: no such file or directory, open 'C:\Users\grego\AppData\Local\Temp\npm-11368-960689f7\unpack-cea42cd4\package.json'
29 verbose cwd C:\Users\grego\GIT\cmd
30 error Windows_NT 10.0.18362
31 error argv "C:\\Program Files\\nodejs\\node.exe" "C:\\Users\\grego\\AppData\\Roaming\\npm\\node_modules\\npm\\bin\\npm-cli.js" "install" "--save" ".\\src\\mgGlitch.min.js"
32 error node v12.16.1
33 error npm  v4.1.1
34 error path C:\Users\grego\AppData\Local\Temp\npm-11368-960689f7\unpack-cea42cd4\package.json
35 error code ENOENT
36 error errno -4058
37 error syscall open
38 error enoent ENOENT: no such file or directory, open 'C:\Users\grego\AppData\Local\Temp\npm-11368-960689f7\unpack-cea42cd4\package.json'
39 error enoent ENOENT: no such file or directory, open 'C:\Users\grego\AppData\Local\Temp\npm-11368-960689f7\unpack-cea42cd4\package.json'
39 error enoent This is most likely not a problem with npm itself
39 error enoent and is related to npm not being able to find a file.
40 verbose exit [ -4058, true ]
